0 info it worked if it ends with ok
1 verbose cli [ '/usr/local/bin/node',
1 verbose cli   '/usr/local/bin/npm',
1 verbose cli   'run',
1 verbose cli   'compile:saas' ]
2 info using npm@3.10.10
3 info using node@v6.11.2
4 verbose run-script [ 'precompile:saas', 'compile:saas', 'postcompile:saas' ]
5 info lifecycle natours@1.0.0~precompile:saas: natours@1.0.0
6 silly lifecycle natours@1.0.0~precompile:saas: no script for precompile:saas, continuing
7 info lifecycle natours@1.0.0~compile:saas: natours@1.0.0
8 verbose lifecycle natours@1.0.0~compile:saas: unsafe-perm in lifecycle true
9 verbose lifecycle natours@1.0.0~compile:saas: PATH: /usr/local/lib/node_modules/npm/bin/node-gyp-bin:/Users/leetrent/Development/Software/Learning/Udemy/JonasSchmedtmann/AdvancedCSSAndSaas/GitHub/learn-css-saas-schmedtmann/Natours/node_modules/.bin:/Library/Frameworks/Python.framework/Versions/2.7/bin:~/mongodb-osx-x86_64-enterprise-3.4.6/bin:/Users/leetrent/anaconda/bin:/Users/leetrent/Development/Software/go/workspace/bin:/opt/local/bin:/opt/local/sbin:/usr/local/bin:/usr/bin:/bin:/usr/sbin:/sbin:/usr/local/share/dotnet:/usr/local/go/bin:/Library/Frameworks/Mono.framework/Versions/Current/Commands:/Library/Frameworks/Python.framework/Versions/2.7/bin:~/mongodb-osx-x86_64-enterprise-3.4.6/bin:/Users/leetrent/anaconda/bin:/Users/leetrent/Development/Software/go/workspace/bin:/opt/local/bin:/opt/local/sbin
10 verbose lifecycle natours@1.0.0~compile:saas: CWD: /Users/leetrent/Development/Software/Learning/Udemy/JonasSchmedtmann/AdvancedCSSAndSaas/GitHub/learn-css-saas-schmedtmann/Natours
11 silly lifecycle natours@1.0.0~compile:saas: Args: [ '-c', 'node-saas sass/main.scss css/style.css' ]
12 info lifecycle natours@1.0.0~compile:saas: Failed to exec compile:saas script
13 verbose stack Error: natours@1.0.0 compile:saas: `node-saas sass/main.scss css/style.css`
13 verbose stack spawn ENOENT
13 verbose stack     at ChildProcess.<anonymous> (/usr/local/lib/node_modules/npm/lib/utils/spawn.js:33:16)
13 verbose stack     at emitTwo (events.js:106:13)
13 verbose stack     at ChildProcess.emit (events.js:191:7)
13 verbose stack     at maybeClose (internal/child_process.js:891:16)
13 verbose stack     at Process.ChildProcess._handle.onexit (internal/child_process.js:226:5)
14 verbose pkgid natours@1.0.0
15 verbose cwd /Users/leetrent/Development/Software/Learning/Udemy/JonasSchmedtmann/AdvancedCSSAndSaas/GitHub/learn-css-saas-schmedtmann/Natours/saas
16 error Darwin 17.3.0
17 error argv "/usr/local/bin/node" "/usr/local/bin/npm" "run" "compile:saas"
18 error node v6.11.2
19 error npm  v3.10.10
20 error file sh
21 error code ELIFECYCLE
22 error errno ENOENT
23 error syscall spawn
24 error natours@1.0.0 compile:saas: `node-saas sass/main.scss css/style.css`
24 error spawn ENOENT
25 error Failed at the natours@1.0.0 compile:saas script 'node-saas sass/main.scss css/style.css'.
25 error Make sure you have the latest version of node.js and npm installed.
25 error If you do, this is most likely a problem with the natours package,
25 error not with npm itself.
25 error Tell the author that this fails on your system:
25 error     node-saas sass/main.scss css/style.css
25 error You can get information on how to open an issue for this project with:
25 error     npm bugs natours
25 error Or if that isn't available, you can get their info via:
25 error     npm owner ls natours
25 error There is likely additional logging output above.
26 verbose exit [ 1, true ]
